<?xml version="1.0" encoding="UTF-8"?>
<!-- Generated by org.testng.reporters.JUnitReportReporter -->
<testsuite hostname="Tadelas" failures="0" tests="1" name="com.qa.guru2.Tests.CompareTwoPoductsPageTest" time="5.684" errors="0" timestamp="26 May 2021 01:27:26 GMT" skipped="0">
  <testcase classname="com.qa.guru2.Tests.CompareTwoPoductsPageTest" name="CompareTwoPoductsWindowTest" time="5.684"/>
</testsuite> <!-- com.qa.guru2.Tests.CompareTwoPoductsPageTest -->
