<?xml version="1.0" encoding="UTF-8"?>
<!-- Generated by org.testng.reporters.JUnitReportReporter -->
<testsuite hostname="Tadelas" failures="0" tests="1" name="com.qa.guru2.Solution.Day8" time="73.232" errors="0" timestamp="02 Jun 2021 16:22:44 GMT" skipped="0">
  <testcase classname="com.qa.guru2.Solution.Day8" name="testTestCase8" time="73.232"/>
</testsuite> <!-- com.qa.guru2.Solution.Day8 -->
