<?xml version="1.0" encoding="UTF-8"?>
<!-- Generated by org.testng.reporters.JUnitReportReporter -->
<testsuite hostname="Tadelas" failures="0" tests="1" name="com.qa.guru2.Solution.Day9" time="14.221" errors="0" timestamp="04 Jun 2021 12:06:55 GMT" skipped="0">
  <testcase classname="com.qa.guru2.Solution.Day9" name="testTestCase9" time="14.221"/>
</testsuite> <!-- com.qa.guru2.Solution.Day9 -->
