<?xml version="1.0" encoding="UTF-8"?>
<!-- Generated by org.testng.reporters.JUnitReportReporter -->
<testsuite hostname="Tadelas" failures="0" tests="1" name="com.qa.guru2.Tests.MyOrdersPageTest" time="2.145" errors="0" timestamp="20 May 2021 11:23:18 GMT" skipped="0">
  <testcase classname="com.qa.guru2.Tests.MyOrdersPageTest" name="clickViewOderOFOrderNoTest" time="2.145"/>
</testsuite> <!-- com.qa.guru2.Tests.MyOrdersPageTest -->
