<?xml version="1.0" encoding="UTF-8"?>
<!-- Generated by org.testng.reporters.JUnitReportReporter -->
<testsuite hostname="Tadelas" failures="0" tests="2" name="com.qa.guru2.TestCases.Day01TestCaseFlow" time="16.463" errors="0" timestamp="30 May 2021 16:38:44 GMT" skipped="0">
  <testcase classname="com.qa.guru2.TestCases.Day01TestCaseFlow" name="verifySortedByName" time="8.466"/>
  <testcase classname="com.qa.guru2.TestCases.Day01TestCaseFlow" name="verifySortedByName" time="7.997"/>
</testsuite> <!-- com.qa.guru2.TestCases.Day01TestCaseFlow -->
