<?xml version="1.0" encoding="UTF-8"?>
<!-- Generated by org.testng.reporters.JUnitReportReporter -->
<testsuite hostname="Tadelas" failures="0" tests="2" name="com.qa.guru2.Tests.TVPageTest" time="5.518" errors="0" timestamp="28 May 2021 02:09:49 GMT" skipped="1">
  <testcase classname="com.qa.guru2.Tests.TVPageTest" name="clickOnSpecificTVTest" time="5.518"/>
  <testcase classname="com.qa.guru2.Tests.TVPageTest" name="NamesOFListOFTVsTest">
    <skipped/>
  </testcase> <!-- NamesOFListOFTVsTest -->
</testsuite> <!-- com.qa.guru2.Tests.TVPageTest -->
