<?xml version="1.0" encoding="UTF-8"?>
<!-- Generated by org.testng.reporters.JUnitReportReporter -->
<testsuite hostname="Tadelas" failures="0" tests="1" name="com.qa.guru2.Tests.ShareWishListPageTest" time="41.766" errors="0" timestamp="15 May 2021 12:47:08 GMT" skipped="0">
  <testcase classname="com.qa.guru2.Tests.ShareWishListPageTest" name="shareWishListTest" time="41.766"/>
</testsuite> <!-- com.qa.guru2.Tests.ShareWishListPageTest -->
