<?xml version="1.0" encoding="UTF-8"?>
<!-- Generated by org.testng.reporters.JUnitReportReporter -->
<testsuite hostname="Tadelas" failures="0" tests="1" name="com.qa.guru2.TestCases.Day01TestCaseFlow" time="10.396" errors="0" timestamp="12 May 2021 12:46:04 GMT" skipped="0">
  <testcase classname="com.qa.guru2.TestCases.Day01TestCaseFlow" name="verifySortedByName" time="10.396"/>
</testsuite> <!-- com.qa.guru2.TestCases.Day01TestCaseFlow -->
