<?xml version="1.0" encoding="UTF-8"?>
<!-- Generated by org.testng.reporters.JUnitReportReporter -->
<testsuite hostname="Tadelas" failures="0" tests="1" name="com.qa.guru2.Tests.ShoppingCartTest" time="2.322" errors="0" timestamp="16 May 2021 16:31:14 GMT" skipped="0">
  <testcase classname="com.qa.guru2.Tests.ShoppingCartTest" name="successMsgOFShoppingCartTest" time="2.322"/>
</testsuite> <!-- com.qa.guru2.Tests.ShoppingCartTest -->
