<?xml version="1.0" encoding="UTF-8"?>
<!-- Generated by org.testng.reporters.JUnitReportReporter -->
<testsuite hostname="Tadelas" failures="0" tests="1" name="com.qa.guru2.Tests.ViewOrderPageTest" time="9.663" errors="0" timestamp="02 Jun 2021 09:23:37 GMT" skipped="0">
  <testcase classname="com.qa.guru2.Tests.ViewOrderPageTest" name="clickPrintOrderTest" time="9.663"/>
</testsuite> <!-- com.qa.guru2.Tests.ViewOrderPageTest -->
