<?xml version="1.0" encoding="UTF-8"?>
<!-- Generated by org.testng.reporters.JUnitReportReporter -->
<testsuite hostname="Tadelas" failures="0" tests="1" name="com.qa.guru2.Tests.TVPageTest" time="4.002" errors="0" timestamp="18 May 2021 15:55:23 GMT" skipped="0">
  <testcase classname="com.qa.guru2.Tests.TVPageTest" name="clickOnSpecificTVTest" time="4.002"/>
</testsuite> <!-- com.qa.guru2.Tests.TVPageTest -->
