<?xml version="1.0" encoding="UTF-8"?>
<!-- Generated by org.testng.reporters.JUnitReportReporter -->
<testsuite hostname="Tadelas" failures="0" tests="1" name="com.qa.guru2.TestCases.Day06TestCaseFlow" time="38.693" errors="0" timestamp="20 May 2021 10:21:40 GMT" skipped="0">
  <testcase classname="com.qa.guru2.TestCases.Day06TestCaseFlow" name="orderIDTest" time="38.693"/>
</testsuite> <!-- com.qa.guru2.TestCases.Day06TestCaseFlow -->
