<?xml version="1.0" encoding="UTF-8"?>
<!-- Generated by org.testng.reporters.JUnitReportReporter -->
<testsuite hostname="Tadelas" failures="0" tests="1" name="com.qa.guru2.Solution.Day7" time="24.898" errors="0" timestamp="02 Jun 2021 06:24:49 GMT" skipped="0">
  <testcase classname="com.qa.guru2.Solution.Day7" name="testTestCase7a" time="24.898"/>
</testsuite> <!-- com.qa.guru2.Solution.Day7 -->
