<?xml version="1.0" encoding="UTF-8"?>
<!-- Generated by org.testng.reporters.JUnitReportReporter -->
<testsuite hostname="Tadelas" failures="0" tests="1" name="com.qa.guru2.Solution.Day7b" time="17.761" errors="0" timestamp="02 Jun 2021 09:05:55 GMT" skipped="0">
  <testcase classname="com.qa.guru2.Solution.Day7b" name="testTestCase7b" time="17.761"/>
</testsuite> <!-- com.qa.guru2.Solution.Day7b -->
