<?xml version="1.0" encoding="UTF-8"?>
<!-- Generated by org.testng.reporters.JUnitReportReporter -->
<testsuite hostname="Tadelas" failures="0" tests="1" name="com.qa.guru2.Tests.ShoppingCartTest" time="11.002" errors="0" timestamp="05 Jun 2021 09:59:45 GMT" skipped="0">
  <testcase classname="com.qa.guru2.Tests.ShoppingCartTest" name="checkDiscoutnTest" time="11.002"/>
</testsuite> <!-- com.qa.guru2.Tests.ShoppingCartTest -->
