<?xml version="1.0" encoding="UTF-8"?>
<!-- Generated by org.testng.reporters.JUnitReportReporter -->
<testsuite hostname="Tadelas" failures="0" tests="1" name="com.qa.guru2.TestCases.Day04TestCaseFlow" time="17.671" errors="0" timestamp="16 May 2021 03:20:34 GMT" skipped="0">
  <testcase classname="com.qa.guru2.TestCases.Day04TestCaseFlow" name="comparePriceInMobilePageAndProdInfoPage" time="17.671"/>
</testsuite> <!-- com.qa.guru2.TestCases.Day04TestCaseFlow -->
