<?xml version="1.0" encoding="UTF-8"?>
<!-- Generated by org.testng.reporters.JUnitReportReporter -->
<testsuite hostname="Tadelas" failures="0" tests="1" name="com.qa.guru2.Tests.HomePageTest" time="5.090" errors="0" timestamp="11 May 2021 13:48:20 GMT" skipped="0">
  <testcase classname="com.qa.guru2.Tests.HomePageTest" name="clickMobileTest" time="5.090"/>
</testsuite> <!-- com.qa.guru2.Tests.HomePageTest -->
