<?xml version="1.0" encoding="UTF-8"?>
<!-- Generated by org.testng.reporters.JUnitReportReporter -->
<testsuite hostname="Tadelas" failures="0" tests="1" name="com.qa.guru2.Tests.ViewOrderPageTest" time="4.975" errors="0" timestamp="24 May 2021 12:44:37 GMT" skipped="0">
  <testcase classname="com.qa.guru2.Tests.ViewOrderPageTest" name="getViewOrderPageHeaderTest" time="4.975"/>
</testsuite> <!-- com.qa.guru2.Tests.ViewOrderPageTest -->
