<?xml version="1.0" encoding="UTF-8"?>
<!-- Generated by org.testng.reporters.JUnitReportReporter -->
<testsuite hostname="Tadelas" failures="0" tests="1" name="com.qa.guru2.Tests.HomePageTest" time="15.816" errors="0" timestamp="15 May 2021 10:49:46 GMT" skipped="0">
  <testcase classname="com.qa.guru2.Tests.HomePageTest" name="doLoginTest" time="15.816"/>
</testsuite> <!-- com.qa.guru2.Tests.HomePageTest -->
