<?xml version="1.0" encoding="UTF-8"?>
<!-- Generated by org.testng.reporters.JUnitReportReporter -->
<<<<<<< HEAD
<testsuite hostname="Tadelas" failures="0" tests="1" name="com.qa.guru2.Tests.ViewOrderPageTest" time="0.671" errors="0" timestamp="25 May 2021 11:16:00 GMT" skipped="0">
  <testcase classname="com.qa.guru2.Tests.ViewOrderPageTest" name="getViewOrderPageHeaderTest" time="0.671"/>
=======
<testsuite hostname="Tadelas" failures="0" tests="1" name="com.qa.guru2.Tests.ViewOrderPageTest" time="0.506" errors="0" timestamp="25 May 2021 06:46:21 GMT" skipped="0">
  <testcase classname="com.qa.guru2.Tests.ViewOrderPageTest" name="getViewOrderPageHeaderTest" time="0.506"/>
>>>>>>> ab7f5113e7c7c03a4694f0cb9cd68dd7c1dbd061
</testsuite> <!-- com.qa.guru2.Tests.ViewOrderPageTest -->
