<?xml version="1.0" encoding="UTF-8"?>
<!-- Generated by org.testng.reporters.JUnitReportReporter -->
<testsuite hostname="Tadelas" failures="0" tests="1" name="com.qa.guru2.Tests.CompareTwoPoductsPageTest" time="7.020" errors="0" timestamp="30 May 2021 16:40:07 GMT" skipped="0">
  <testcase classname="com.qa.guru2.Tests.CompareTwoPoductsPageTest" name="CompareTwoPoductsWindowTest" time="7.020"/>
</testsuite> <!-- com.qa.guru2.Tests.CompareTwoPoductsPageTest -->
