<?xml version="1.0" encoding="UTF-8"?>
<!-- Generated by org.testng.reporters.JUnitReportReporter -->
<testsuite hostname="Tadelas" failures="0" tests="1" name="com.qa.guru2.TestCases.Day09TestCaseFlow" time="16.975" errors="0" timestamp="05 Jun 2021 10:15:10 GMT" skipped="0">
  <testcase classname="com.qa.guru2.TestCases.Day09TestCaseFlow" name="day9Test" time="16.975"/>
</testsuite> <!-- com.qa.guru2.TestCases.Day09TestCaseFlow -->
