<?xml version="1.0" encoding="UTF-8"?>
<!-- Generated by org.testng.reporters.JUnitReportReporter -->
<testsuite hostname="DESKTOP-BABNFHN" failures="0" tests="2" name="com.qa.guru2.TestCases.Day01TestCaseFlow" time="32.649" errors="0" timestamp="29 May 2021 11:00:49 GMT" skipped="0">
  <testcase classname="com.qa.guru2.TestCases.Day01TestCaseFlow" name="verifySortedByName" time="8.121"/>
  <testcase classname="com.qa.guru2.TestCases.Day01TestCaseFlow" name="verifySortedByName" time="24.528"/>
</testsuite> <!-- com.qa.guru2.TestCases.Day01TestCaseFlow -->
