<?xml version="1.0" encoding="UTF-8"?>
<!-- Generated by org.testng.reporters.JUnitReportReporter -->
<testsuite hostname="Tadelas" failures="0" tests="3" name="com.qa.guru2.Tests.CreateAccPageTest" time="60.936" errors="0" timestamp="30 May 2021 16:41:49 GMT" skipped="0">
  <testcase classname="com.qa.guru2.Tests.CreateAccPageTest" name="CreateAnAccountWithSingleDataTest" time="13.938"/>
  <testcase classname="com.qa.guru2.Tests.CreateAccPageTest" name="CreateAnAccountWithMultipleDataTest" time="25.566"/>
  <testcase classname="com.qa.guru2.Tests.CreateAccPageTest" name="CreateAnAccountWithMultipleDataTest" time="21.432"/>
</testsuite> <!-- com.qa.guru2.Tests.CreateAccPageTest -->
