<?xml version="1.0" encoding="UTF-8"?>
<!-- Generated by org.testng.reporters.JUnitReportReporter -->
<testsuite hostname="Tadelas" failures="0" tests="1" name="com.qa.guru2.Solution.Day1" time="22.777" errors="0" timestamp="12 May 2021 07:01:46 GMT" skipped="0">
  <testcase classname="com.qa.guru2.Solution.Day1" name="testDay1TestCase1" time="22.777"/>
</testsuite> <!-- com.qa.guru2.Solution.Day1 -->
