<?xml version="1.0" encoding="UTF-8"?>
<!-- Generated by org.testng.reporters.JUnitReportReporter -->
<testsuite hostname="Tadelas" failures="0" tests="1" name="com.qa.guru2.Tests.MobilePageTest" time="14.075" errors="0" timestamp="14 May 2021 01:48:16 GMT" skipped="0">
  <testcase classname="com.qa.guru2.Tests.MobilePageTest" name="CompareTwoPoductTextsTest" time="14.075"/>
</testsuite> <!-- com.qa.guru2.Tests.MobilePageTest -->
