<?xml version="1.0" encoding="UTF-8"?>
<!-- Generated by org.testng.reporters.JUnitReportReporter -->
<testsuite hostname="Tadelas" failures="0" tests="1" name="com.qa.guru2.TestCases.Day08TestCaseFlow" time="54.456" errors="0" timestamp="04 Jun 2021 10:00:02 GMT" skipped="0">
  <testcase classname="com.qa.guru2.TestCases.Day08TestCaseFlow" name="day8Test" time="54.456"/>
</testsuite> <!-- com.qa.guru2.TestCases.Day08TestCaseFlow -->
