<?xml version="1.0" encoding="UTF-8"?>
<!-- Generated by org.testng.reporters.JUnitReportReporter -->
<testsuite hostname="Tadelas" failures="0" tests="1" name="com.qa.guru2.Tests.ProdDetailsPageTest" time="1.245" errors="0" timestamp="12 May 2021 10:02:08 GMT" skipped="0">
  <testcase classname="com.qa.guru2.Tests.ProdDetailsPageTest" name="prodPriceOfProdDetailsTest" time="1.245"/>
</testsuite> <!-- com.qa.guru2.Tests.ProdDetailsPageTest -->
