<?xml version="1.0" encoding="UTF-8"?>
<!-- Generated by org.testng.reporters.JUnitReportReporter -->
<testsuite hostname="Tadelas" failures="0" tests="2" name="com.qa.guru2.Tests.TVPageTest" time="2.347" errors="0" timestamp="30 May 2021 11:00:41 GMT" skipped="1">
  <testcase classname="com.qa.guru2.Tests.TVPageTest" name="clickOnSpecificTVTest" time="2.347"/>
  <testcase classname="com.qa.guru2.Tests.TVPageTest" name="NamesOFListOFTVsTest">
    <skipped/>
  </testcase> <!-- NamesOFListOFTVsTest -->
</testsuite> <!-- com.qa.guru2.Tests.TVPageTest -->
