<?xml version="1.0" encoding="UTF-8"?>
<!-- Generated by org.testng.reporters.JUnitReportReporter -->
<testsuite hostname="Tadelas" failures="0" tests="1" name="com.qa.guru2.TestCases.Day03TestCaseFlow" time="16.148" errors="0" timestamp="13 May 2021 07:32:23 GMT" skipped="0">
  <testcase classname="com.qa.guru2.TestCases.Day03TestCaseFlow" name="comparePriceInMobilePageAndProdInfoPage" time="16.148"/>
</testsuite> <!-- com.qa.guru2.TestCases.Day03TestCaseFlow -->
