<?xml version="1.0" encoding="UTF-8"?>
<!-- Generated by org.testng.reporters.JUnitReportReporter -->
<testsuite hostname="Tadelas" failures="0" tests="1" name="com.qa.guru2.Tests.CreateAccPageTest" time="13.697" errors="0" timestamp="14 May 2021 10:25:02 GMT" skipped="0">
  <testcase classname="com.qa.guru2.Tests.CreateAccPageTest" name="CreateAnAccountWithSingleDataTest" time="13.697"/>
</testsuite> <!-- com.qa.guru2.Tests.CreateAccPageTest -->
